Reading netlist file: "D:\Joy\project\Gowin_project\rs_h_v0\rs_h\impl\gwsynthesis\rs_h.vg"
Parsing netlist file "D:\Joy\project\Gowin_project\rs_h_v0\rs_h\impl\gwsynthesis\rs_h.vg" completed
Processing netlist completed
Reading constraint file: "D:\Joy\project\Gowin_project\rs_h_v0\rs_h\src\rs_h.cst"
Physical Constraint parsed completed
Running placement......
[10%] Placement Phase 0 completed
[20%] Placement Phase 1 completed
[30%] Placement Phase 2 completed
[50%] Placement Phase 3 completed
Running routing......
[60%] Routing Phase 0 completed
[70%] Routing Phase 1 completed
[80%] Routing Phase 2 completed
WARN  (PR1014) : Generic routing resource will be used to clock signal 'I_PHASE_d' by the specified constraint. And then it may lead to the excessive delay or skew
WARN  (PR1014) : Generic routing resource will be used to clock signal 'FPGA_CLK_d' by the specified constraint. And then it may lead to the excessive delay or skew
[90%] Routing Phase 3 completed
Running timing analysis......
[95%] Timing analysis completed
Placement and routing completed
Bitstream generation in progress......
Bitstream generation completed
Running power analysis......
[100%] Power analysis completed
Generate file "D:\Joy\project\Gowin_project\rs_h_v0\rs_h\impl\pnr\rs_h.power.html" completed
Generate file "D:\Joy\project\Gowin_project\rs_h_v0\rs_h\impl\pnr\rs_h.pin.html" completed
Generate file "D:\Joy\project\Gowin_project\rs_h_v0\rs_h\impl\pnr\rs_h.rpt.html" completed
Generate file "D:\Joy\project\Gowin_project\rs_h_v0\rs_h\impl\pnr\rs_h.rpt.txt" completed
Generate file "D:\Joy\project\Gowin_project\rs_h_v0\rs_h\impl\pnr\rs_h.tr.html" completed
Mon Dec 16 16:08:35 2024

