GowinSynthesis start
Running parser ...
Analyzing Verilog file 'C:\Gowin\Gowin_V1.9.9_x64\IDE\ipcore\FPSQRT\data\FP_Sqrt.v'
Analyzing included file 'define.vh'("C:\Gowin\Gowin_V1.9.9_x64\IDE\ipcore\FPSQRT\data\FP_Sqrt.v":278)
Back to file 'C:\Gowin\Gowin_V1.9.9_x64\IDE\ipcore\FPSQRT\data\FP_Sqrt.v'("C:\Gowin\Gowin_V1.9.9_x64\IDE\ipcore\FPSQRT\data\FP_Sqrt.v":278)
Analyzing included file 'C:\Gowin\Gowin_V1.9.9_x64\IDE\ipcore\FPSQRT\data\static_macro_define.v'("C:\Gowin\Gowin_V1.9.9_x64\IDE\ipcore\FPSQRT\data\FP_Sqrt.v":278)
Back to file 'C:\Gowin\Gowin_V1.9.9_x64\IDE\ipcore\FPSQRT\data\FP_Sqrt.v'("C:\Gowin\Gowin_V1.9.9_x64\IDE\ipcore\FPSQRT\data\FP_Sqrt.v":278)
Analyzing Verilog file 'C:\Gowin\Gowin_V1.9.9_x64\IDE\ipcore\FPSQRT\data\FP_Sqrt_wrap.v'
Analyzing included file 'define.vh'("C:\Gowin\Gowin_V1.9.9_x64\IDE\ipcore\FPSQRT\data\FP_Sqrt_wrap.v":1)
Back to file 'C:\Gowin\Gowin_V1.9.9_x64\IDE\ipcore\FPSQRT\data\FP_Sqrt_wrap.v'("C:\Gowin\Gowin_V1.9.9_x64\IDE\ipcore\FPSQRT\data\FP_Sqrt_wrap.v":1)
Analyzing included file 'C:\Gowin\Gowin_V1.9.9_x64\IDE\ipcore\FPSQRT\data\static_macro_define.v'("C:\Gowin\Gowin_V1.9.9_x64\IDE\ipcore\FPSQRT\data\FP_Sqrt_wrap.v":2)
Back to file 'C:\Gowin\Gowin_V1.9.9_x64\IDE\ipcore\FPSQRT\data\FP_Sqrt_wrap.v'("C:\Gowin\Gowin_V1.9.9_x64\IDE\ipcore\FPSQRT\data\FP_Sqrt_wrap.v":2)
Compiling module 'FP_Sqrt_Top'("C:\Gowin\Gowin_V1.9.9_x64\IDE\ipcore\FPSQRT\data\FP_Sqrt_wrap.v":4)
Compiling module '**'("C:\Gowin\Gowin_V1.9.9_x64\IDE\ipcore\FPSQRT\data\FP_Sqrt.v":0)
Compiling module '**'("C:\Gowin\Gowin_V1.9.9_x64\IDE\ipcore\FPSQRT\data\FP_Sqrt.v":0)
NOTE  (EX0101) : Current top module is "FP_Sqrt_Top"
[5%] Running netlist conversion ...
Running device independent optimization ...
[10%] Optimizing Phase 0 completed
[15%] Optimizing Phase 1 completed
[25%] Optimizing Phase 2 completed
Running inference ...
[30%] Inferring Phase 0 completed
[40%] Inferring Phase 1 completed
[50%] Inferring Phase 2 completed
[55%] Inferring Phase 3 completed
Running technical mapping ...
[60%] Tech-Mapping Phase 0 completed
[65%] Tech-Mapping Phase 1 completed
[75%] Tech-Mapping Phase 2 completed
[80%] Tech-Mapping Phase 3 completed
[90%] Tech-Mapping Phase 4 completed
[95%] Generate netlist file "E:\a_Messi\Gowin_prj\1energe\2024-5\rs_h_v0.3\rs_h\src\fp_sqrt\temp\FPSQRT\fp_sqrt.vg" completed
Generate template file "E:\a_Messi\Gowin_prj\1energe\2024-5\rs_h_v0.3\rs_h\src\fp_sqrt\temp\FPSQRT\fp_sqrt_tmp.v" completed
[100%] Generate report file "E:\a_Messi\Gowin_prj\1energe\2024-5\rs_h_v0.3\rs_h\src\fp_sqrt\temp\FPSQRT\fp_sqrt_syn.rpt.html" completed
GowinSynthesis finish
