GowinSynthesis start
Running parser ...
Analyzing Verilog file 'D:\qiao-project\EXE\Gowin\Gowin_V1.9.10_x64\IDE\ipcore\FIX_To_FLOAT\data\Fixed_to_Float_wrap.v'
Analyzing included file 'define.vh'("D:\qiao-project\EXE\Gowin\Gowin_V1.9.10_x64\IDE\ipcore\FIX_To_FLOAT\data\Fixed_to_Float_wrap.v":1)
Back to file 'D:\qiao-project\EXE\Gowin\Gowin_V1.9.10_x64\IDE\ipcore\FIX_To_FLOAT\data\Fixed_to_Float_wrap.v'("D:\qiao-project\EXE\Gowin\Gowin_V1.9.10_x64\IDE\ipcore\FIX_To_FLOAT\data\Fixed_to_Float_wrap.v":1)
Analyzing included file 'D:\qiao-project\EXE\Gowin\Gowin_V1.9.10_x64\IDE\ipcore\FIX_To_FLOAT\data\static_macro_define.v'("D:\qiao-project\EXE\Gowin\Gowin_V1.9.10_x64\IDE\ipcore\FIX_To_FLOAT\data\Fixed_to_Float_wrap.v":2)
Back to file 'D:\qiao-project\EXE\Gowin\Gowin_V1.9.10_x64\IDE\ipcore\FIX_To_FLOAT\data\Fixed_to_Float_wrap.v'("D:\qiao-project\EXE\Gowin\Gowin_V1.9.10_x64\IDE\ipcore\FIX_To_FLOAT\data\Fixed_to_Float_wrap.v":2)
Analyzing Verilog file 'D:\qiao-project\EXE\Gowin\Gowin_V1.9.10_x64\IDE\ipcore\FIX_To_FLOAT\data\Fixed_to_Float_en.v'
Analyzing included file 'define.vh'("D:\qiao-project\EXE\Gowin\Gowin_V1.9.10_x64\IDE\ipcore\FIX_To_FLOAT\data\Fixed_to_Float_en.v":202)
Back to file 'D:\qiao-project\EXE\Gowin\Gowin_V1.9.10_x64\IDE\ipcore\FIX_To_FLOAT\data\Fixed_to_Float_en.v'("D:\qiao-project\EXE\Gowin\Gowin_V1.9.10_x64\IDE\ipcore\FIX_To_FLOAT\data\Fixed_to_Float_en.v":202)
Analyzing included file 'D:\qiao-project\EXE\Gowin\Gowin_V1.9.10_x64\IDE\ipcore\FIX_To_FLOAT\data\static_macro_define.v'("D:\qiao-project\EXE\Gowin\Gowin_V1.9.10_x64\IDE\ipcore\FIX_To_FLOAT\data\Fixed_to_Float_en.v":202)
Back to file 'D:\qiao-project\EXE\Gowin\Gowin_V1.9.10_x64\IDE\ipcore\FIX_To_FLOAT\data\Fixed_to_Float_en.v'("D:\qiao-project\EXE\Gowin\Gowin_V1.9.10_x64\IDE\ipcore\FIX_To_FLOAT\data\Fixed_to_Float_en.v":202)
Analyzing included file 'parameter.vh'("D:\qiao-project\EXE\Gowin\Gowin_V1.9.10_x64\IDE\ipcore\FIX_To_FLOAT\data\Fixed_to_Float_en.v":202)
Back to file 'D:\qiao-project\EXE\Gowin\Gowin_V1.9.10_x64\IDE\ipcore\FIX_To_FLOAT\data\Fixed_to_Float_en.v'("D:\qiao-project\EXE\Gowin\Gowin_V1.9.10_x64\IDE\ipcore\FIX_To_FLOAT\data\Fixed_to_Float_en.v":202)
Compiling module 'Fixed_to_Float_Top'("D:\qiao-project\EXE\Gowin\Gowin_V1.9.10_x64\IDE\ipcore\FIX_To_FLOAT\data\Fixed_to_Float_wrap.v":7)
Compiling module '**'("D:\qiao-project\EXE\Gowin\Gowin_V1.9.10_x64\IDE\ipcore\FIX_To_FLOAT\data\Fixed_to_Float_en.v":202)
WARN  (EX3791) : Expression size ** truncated to fit in target size **("D:\qiao-project\EXE\Gowin\Gowin_V1.9.10_x64\IDE\ipcore\FIX_To_FLOAT\data\Fixed_to_Float_en.v":202)
NOTE  (EX0101) : Current top module is "Fixed_to_Float_Top"
[5%] Running netlist conversion ...
Running device independent optimization ...
[10%] Optimizing Phase 0 completed
[15%] Optimizing Phase 1 completed
[25%] Optimizing Phase 2 completed
Running inference ...
[30%] Inferring Phase 0 completed
[40%] Inferring Phase 1 completed
[50%] Inferring Phase 2 completed
[55%] Inferring Phase 3 completed
Running technical mapping ...
[60%] Tech-Mapping Phase 0 completed
[65%] Tech-Mapping Phase 1 completed
[75%] Tech-Mapping Phase 2 completed
[80%] Tech-Mapping Phase 3 completed
[90%] Tech-Mapping Phase 4 completed
WARN  (NL0002) : The module "penc32" instantiated to "p0" is swept in optimizing("D:\qiao-project\EXE\Gowin\Gowin_V1.9.10_x64\IDE\ipcore\FIX_To_FLOAT\data\Fixed_to_Float_en.v":202)
WARN  (NL0002) : The module "PENC8" instantiated to "P0" is swept in optimizing("D:\qiao-project\EXE\Gowin\Gowin_V1.9.10_x64\IDE\ipcore\FIX_To_FLOAT\data\Fixed_to_Float_en.v":202)
WARN  (NL0002) : The module "PENC8" instantiated to "P1" is swept in optimizing("D:\qiao-project\EXE\Gowin\Gowin_V1.9.10_x64\IDE\ipcore\FIX_To_FLOAT\data\Fixed_to_Float_en.v":202)
WARN  (NL0002) : The module "PENC8" instantiated to "P2" is swept in optimizing("D:\qiao-project\EXE\Gowin\Gowin_V1.9.10_x64\IDE\ipcore\FIX_To_FLOAT\data\Fixed_to_Float_en.v":202)
WARN  (NL0002) : The module "PENC8" instantiated to "P3" is swept in optimizing("D:\qiao-project\EXE\Gowin\Gowin_V1.9.10_x64\IDE\ipcore\FIX_To_FLOAT\data\Fixed_to_Float_en.v":202)
[95%] Generate netlist file "D:\Joy\project\Gowin_project\rs_h_v0.3\rs_h\src\fixed_to_float\temp\fixed_to_float\fixed_to_float.vg" completed
Generate template file "D:\Joy\project\Gowin_project\rs_h_v0.3\rs_h\src\fixed_to_float\temp\fixed_to_float\fixed_to_float_tmp.v" completed
[100%] Generate report file "D:\Joy\project\Gowin_project\rs_h_v0.3\rs_h\src\fixed_to_float\temp\fixed_to_float\fixed_to_float_syn.rpt.html" completed
GowinSynthesis finish
