GowinSynthesis start
Running parser ...
Analyzing Verilog file 'D:\qiao-project\EXE\Gowin\Gowin_V1.9.10_x64\IDE\ipcore\CORDIC\data\cordic.v'
Analyzing included file 'define.vh'("D:\qiao-project\EXE\Gowin\Gowin_V1.9.10_x64\IDE\ipcore\CORDIC\data\cordic.v":118)
Back to file 'D:\qiao-project\EXE\Gowin\Gowin_V1.9.10_x64\IDE\ipcore\CORDIC\data\cordic.v'("D:\qiao-project\EXE\Gowin\Gowin_V1.9.10_x64\IDE\ipcore\CORDIC\data\cordic.v":118)
Analyzing included file 'D:\qiao-project\EXE\Gowin\Gowin_V1.9.10_x64\IDE\ipcore\CORDIC\data\static_macro_define.v'("D:\qiao-project\EXE\Gowin\Gowin_V1.9.10_x64\IDE\ipcore\CORDIC\data\cordic.v":118)
Back to file 'D:\qiao-project\EXE\Gowin\Gowin_V1.9.10_x64\IDE\ipcore\CORDIC\data\cordic.v'("D:\qiao-project\EXE\Gowin\Gowin_V1.9.10_x64\IDE\ipcore\CORDIC\data\cordic.v":118)
Analyzing included file 'arctan_degree_table.dat'("D:\qiao-project\EXE\Gowin\Gowin_V1.9.10_x64\IDE\ipcore\CORDIC\data\cordic.v":118)
Back to file 'D:\qiao-project\EXE\Gowin\Gowin_V1.9.10_x64\IDE\ipcore\CORDIC\data\cordic.v'("D:\qiao-project\EXE\Gowin\Gowin_V1.9.10_x64\IDE\ipcore\CORDIC\data\cordic.v":118)
WARN  (EX3788) : Block identifier is required on this block("D:\qiao-project\EXE\Gowin\Gowin_V1.9.10_x64\IDE\ipcore\CORDIC\data\cordic.v":118)
Analyzing Verilog file 'D:\qiao-project\EXE\Gowin\Gowin_V1.9.10_x64\IDE\ipcore\CORDIC\data\cordic_wrap.v'
Analyzing included file 'define.vh'("D:\qiao-project\EXE\Gowin\Gowin_V1.9.10_x64\IDE\ipcore\CORDIC\data\cordic_wrap.v":1)
Back to file 'D:\qiao-project\EXE\Gowin\Gowin_V1.9.10_x64\IDE\ipcore\CORDIC\data\cordic_wrap.v'("D:\qiao-project\EXE\Gowin\Gowin_V1.9.10_x64\IDE\ipcore\CORDIC\data\cordic_wrap.v":1)
Analyzing included file 'D:\qiao-project\EXE\Gowin\Gowin_V1.9.10_x64\IDE\ipcore\CORDIC\data\static_macro_define.v'("D:\qiao-project\EXE\Gowin\Gowin_V1.9.10_x64\IDE\ipcore\CORDIC\data\cordic_wrap.v":2)
Back to file 'D:\qiao-project\EXE\Gowin\Gowin_V1.9.10_x64\IDE\ipcore\CORDIC\data\cordic_wrap.v'("D:\qiao-project\EXE\Gowin\Gowin_V1.9.10_x64\IDE\ipcore\CORDIC\data\cordic_wrap.v":2)
Compiling module 'CORDIC_Top_sin'("D:\qiao-project\EXE\Gowin\Gowin_V1.9.10_x64\IDE\ipcore\CORDIC\data\cordic_wrap.v":3)
Compiling module '**'("D:\qiao-project\EXE\Gowin\Gowin_V1.9.10_x64\IDE\ipcore\CORDIC\data\cordic.v":118)
WARN  (EX3670) : Actual bit length ** differs from formal bit length *** for port '**'("D:\qiao-project\EXE\Gowin\Gowin_V1.9.10_x64\IDE\ipcore\CORDIC\data\cordic.v":118)
NOTE  (EX0101) : Current top module is "CORDIC_Top_sin"
[5%] Running netlist conversion ...
Running device independent optimization ...
[10%] Optimizing Phase 0 completed
[15%] Optimizing Phase 1 completed
[25%] Optimizing Phase 2 completed
Running inference ...
[30%] Inferring Phase 0 completed
[40%] Inferring Phase 1 completed
[50%] Inferring Phase 2 completed
[55%] Inferring Phase 3 completed
Running technical mapping ...
[60%] Tech-Mapping Phase 0 completed
[65%] Tech-Mapping Phase 1 completed
[75%] Tech-Mapping Phase 2 completed
[80%] Tech-Mapping Phase 3 completed
[90%] Tech-Mapping Phase 4 completed
WARN  (NL0002) : The module "~signed_shifter.CORDIC_Top_sin" instantiated to "x_shifter" is swept in optimizing("D:\qiao-project\EXE\Gowin\Gowin_V1.9.10_x64\IDE\ipcore\CORDIC\data\cordic.v":118)
WARN  (NL0002) : The module "~signed_shifter.CORDIC_Top_sin" instantiated to "y_shifter" is swept in optimizing("D:\qiao-project\EXE\Gowin\Gowin_V1.9.10_x64\IDE\ipcore\CORDIC\data\cordic.v":118)
WARN  (NL0002) : The module "~signed_shifter.CORDIC_Top_sin" instantiated to "x_shifter" is swept in optimizing("D:\qiao-project\EXE\Gowin\Gowin_V1.9.10_x64\IDE\ipcore\CORDIC\data\cordic.v":118)
WARN  (NL0002) : The module "~signed_shifter.CORDIC_Top_sin" instantiated to "y_shifter" is swept in optimizing("D:\qiao-project\EXE\Gowin\Gowin_V1.9.10_x64\IDE\ipcore\CORDIC\data\cordic.v":118)
WARN  (NL0002) : The module "~signed_shifter.CORDIC_Top_sin" instantiated to "x_shifter" is swept in optimizing("D:\qiao-project\EXE\Gowin\Gowin_V1.9.10_x64\IDE\ipcore\CORDIC\data\cordic.v":118)
WARN  (NL0002) : The module "~signed_shifter.CORDIC_Top_sin" instantiated to "y_shifter" is swept in optimizing("D:\qiao-project\EXE\Gowin\Gowin_V1.9.10_x64\IDE\ipcore\CORDIC\data\cordic.v":118)
WARN  (NL0002) : The module "~signed_shifter.CORDIC_Top_sin" instantiated to "x_shifter" is swept in optimizing("D:\qiao-project\EXE\Gowin\Gowin_V1.9.10_x64\IDE\ipcore\CORDIC\data\cordic.v":118)
WARN  (NL0002) : The module "~signed_shifter.CORDIC_Top_sin" instantiated to "y_shifter" is swept in optimizing("D:\qiao-project\EXE\Gowin\Gowin_V1.9.10_x64\IDE\ipcore\CORDIC\data\cordic.v":118)
WARN  (NL0002) : The module "~signed_shifter.CORDIC_Top_sin" instantiated to "x_shifter" is swept in optimizing("D:\qiao-project\EXE\Gowin\Gowin_V1.9.10_x64\IDE\ipcore\CORDIC\data\cordic.v":118)
WARN  (NL0002) : The module "~signed_shifter.CORDIC_Top_sin" instantiated to "y_shifter" is swept in optimizing("D:\qiao-project\EXE\Gowin\Gowin_V1.9.10_x64\IDE\ipcore\CORDIC\data\cordic.v":118)
WARN  (NL0002) : The module "~signed_shifter.CORDIC_Top_sin" instantiated to "x_shifter" is swept in optimizing("D:\qiao-project\EXE\Gowin\Gowin_V1.9.10_x64\IDE\ipcore\CORDIC\data\cordic.v":118)
WARN  (NL0002) : The module "~signed_shifter.CORDIC_Top_sin" instantiated to "y_shifter" is swept in optimizing("D:\qiao-project\EXE\Gowin\Gowin_V1.9.10_x64\IDE\ipcore\CORDIC\data\cordic.v":118)
WARN  (NL0002) : The module "~signed_shifter.CORDIC_Top_sin" instantiated to "x_shifter" is swept in optimizing("D:\qiao-project\EXE\Gowin\Gowin_V1.9.10_x64\IDE\ipcore\CORDIC\data\cordic.v":118)
WARN  (NL0002) : The module "~signed_shifter.CORDIC_Top_sin" instantiated to "y_shifter" is swept in optimizing("D:\qiao-project\EXE\Gowin\Gowin_V1.9.10_x64\IDE\ipcore\CORDIC\data\cordic.v":118)
WARN  (NL0002) : The module "~signed_shifter.CORDIC_Top_sin" instantiated to "x_shifter" is swept in optimizing("D:\qiao-project\EXE\Gowin\Gowin_V1.9.10_x64\IDE\ipcore\CORDIC\data\cordic.v":118)
WARN  (NL0002) : The module "~signed_shifter.CORDIC_Top_sin" instantiated to "y_shifter" is swept in optimizing("D:\qiao-project\EXE\Gowin\Gowin_V1.9.10_x64\IDE\ipcore\CORDIC\data\cordic.v":118)
WARN  (NL0002) : The module "~signed_shifter.CORDIC_Top_sin" instantiated to "x_shifter" is swept in optimizing("D:\qiao-project\EXE\Gowin\Gowin_V1.9.10_x64\IDE\ipcore\CORDIC\data\cordic.v":118)
WARN  (NL0002) : The module "~signed_shifter.CORDIC_Top_sin" instantiated to "y_shifter" is swept in optimizing("D:\qiao-project\EXE\Gowin\Gowin_V1.9.10_x64\IDE\ipcore\CORDIC\data\cordic.v":118)
WARN  (NL0002) : The module "~signed_shifter.CORDIC_Top_sin" instantiated to "x_shifter" is swept in optimizing("D:\qiao-project\EXE\Gowin\Gowin_V1.9.10_x64\IDE\ipcore\CORDIC\data\cordic.v":118)
WARN  (NL0002) : The module "~signed_shifter.CORDIC_Top_sin" instantiated to "y_shifter" is swept in optimizing("D:\qiao-project\EXE\Gowin\Gowin_V1.9.10_x64\IDE\ipcore\CORDIC\data\cordic.v":118)
WARN  (NL0002) : The module "~signed_shifter.CORDIC_Top_sin" instantiated to "x_shifter" is swept in optimizing("D:\qiao-project\EXE\Gowin\Gowin_V1.9.10_x64\IDE\ipcore\CORDIC\data\cordic.v":118)
WARN  (NL0002) : The module "~signed_shifter.CORDIC_Top_sin" instantiated to "y_shifter" is swept in optimizing("D:\qiao-project\EXE\Gowin\Gowin_V1.9.10_x64\IDE\ipcore\CORDIC\data\cordic.v":118)
WARN  (NL0002) : The module "~signed_shifter.CORDIC_Top_sin" instantiated to "x_shifter" is swept in optimizing("D:\qiao-project\EXE\Gowin\Gowin_V1.9.10_x64\IDE\ipcore\CORDIC\data\cordic.v":118)
WARN  (NL0002) : The module "~signed_shifter.CORDIC_Top_sin" instantiated to "y_shifter" is swept in optimizing("D:\qiao-project\EXE\Gowin\Gowin_V1.9.10_x64\IDE\ipcore\CORDIC\data\cordic.v":118)
WARN  (NL0002) : The module "~signed_shifter.CORDIC_Top_sin" instantiated to "x_shifter" is swept in optimizing("D:\qiao-project\EXE\Gowin\Gowin_V1.9.10_x64\IDE\ipcore\CORDIC\data\cordic.v":118)
WARN  (NL0002) : The module "~signed_shifter.CORDIC_Top_sin" instantiated to "y_shifter" is swept in optimizing("D:\qiao-project\EXE\Gowin\Gowin_V1.9.10_x64\IDE\ipcore\CORDIC\data\cordic.v":118)
WARN  (NL0002) : The module "~signed_shifter.CORDIC_Top_sin" instantiated to "x_shifter" is swept in optimizing("D:\qiao-project\EXE\Gowin\Gowin_V1.9.10_x64\IDE\ipcore\CORDIC\data\cordic.v":118)
WARN  (NL0002) : The module "~signed_shifter.CORDIC_Top_sin" instantiated to "y_shifter" is swept in optimizing("D:\qiao-project\EXE\Gowin\Gowin_V1.9.10_x64\IDE\ipcore\CORDIC\data\cordic.v":118)
WARN  (NL0002) : The module "~signed_shifter.CORDIC_Top_sin" instantiated to "x_shifter" is swept in optimizing("D:\qiao-project\EXE\Gowin\Gowin_V1.9.10_x64\IDE\ipcore\CORDIC\data\cordic.v":118)
WARN  (NL0002) : The module "~signed_shifter.CORDIC_Top_sin" instantiated to "y_shifter" is swept in optimizing("D:\qiao-project\EXE\Gowin\Gowin_V1.9.10_x64\IDE\ipcore\CORDIC\data\cordic.v":118)
WARN  (NL0002) : The module "~signed_shifter.CORDIC_Top_sin" instantiated to "x_shifter" is swept in optimizing("D:\qiao-project\EXE\Gowin\Gowin_V1.9.10_x64\IDE\ipcore\CORDIC\data\cordic.v":118)
WARN  (NL0002) : The module "~signed_shifter.CORDIC_Top_sin" instantiated to "y_shifter" is swept in optimizing("D:\qiao-project\EXE\Gowin\Gowin_V1.9.10_x64\IDE\ipcore\CORDIC\data\cordic.v":118)
[95%] Generate netlist file "D:\Joy\project\Gowin_project\rs_h_v0.3\rs_h\src\cordic_sin\cordic\temp\Cordic\cordic_sin.vg" completed
Generate template file "D:\Joy\project\Gowin_project\rs_h_v0.3\rs_h\src\cordic_sin\cordic\temp\Cordic\cordic_sin_tmp.v" completed
[100%] Generate report file "D:\Joy\project\Gowin_project\rs_h_v0.3\rs_h\src\cordic_sin\cordic\temp\Cordic\cordic_sin_syn.rpt.html" completed
GowinSynthesis finish
